
  \{^_^}/ hi!

  Loading ./data.json
  Done

  Resources
  http://localhost:4000/user
  http://localhost:4000/products
  http://localhost:4000/action

  Home
  http://localhost:4000

  Type s + enter at any time to create a snapshot of the database

  \{^_^}/ hi!

  Loading ./data.json
  Done

  Resources
  http://localhost:4000/user
  http://localhost:4000/products
  http://localhost:4000/action

  Home
  http://localhost:4000

  Type s + enter at any time to create a snapshot of the database
